Keystore type: PKCS12
Keystore provider: SUN

Your keystore contains 2 entries

Alias name: parent
Creation date: 1 мар. 2022 г.
Entry type: PrivateKeyEntry
Certificate chain length: 1
Certificate[1]:
Owner: CN=Alex, OU=USB, O=USB, L=SPB, ST=RU, C=RU
Issuer: CN=Alex, OU=USB, O=USB, L=SPB, ST=RU, C=RU
Serial number: 133668c4
Valid from: Tue Mar 01 22:21:13 MSK 2022 until: Wed Mar 01 22:21:13 MSK 2023
Certificate fingerprints:
	 SHA1: 96:45:C4:16:BB:E2:61:E8:CD:E5:A7:A8:2F:12:65:F6:54:E7:4E:92
	 SHA256: DC:C4:CC:90:B9:27:49:25:D5:3E:A8:CD:7A:C2:6D:8A:8A:00:02:16:3A:F7:73:B0:D4:ED:17:C5:1E:31:8F:5D
Signature algorithm name: SHA256withRSA
Subject Public Key Algorithm: 2048-bit RSA key
Version: 3

Extensions: 

#1: ObjectId: 2.5.29.14 Criticality=false
SubjectKeyIdentifier [
KeyIdentifier [
0000: 51 EC B8 E5 68 CA C6 1A   6A F4 76 9A 5F D7 0E 72  Q...h...j.v._..r
0010: D7 7F 29 94                                        ..).
]
]



*******************************************
*******************************************


Alias name: mysec
Creation date: 1 мар. 2022 г.
Entry type: trustedCertEntry

Owner: CN=Alexander Lyapustin, OU=teamlead, O=Uralsib Bank, L=Saint-Petersburg, ST=Saint-Petersburg, C=RU
Issuer: CN=The original certificate provided by the server is untrusted
Serial number: 55cc218aea95268ae9d4242d9fa7c2d6
Valid from: Sun Jun 20 15:53:47 MSK 2021 until: Wed Jun 18 15:53:47 MSK 2031
Certificate fingerprints:
	 SHA1: F5:59:72:FB:36:DA:6B:CD:48:FB:3D:70:48:59:7C:AE:80:8D:ED:92
	 SHA256: D0:1D:1F:21:ED:1E:55:23:B5:B7:DB:DD:F2:9C:70:E3:07:30:24:5E:CE:0A:42:3D:B1:CD:D7:67:02:9C:AF:0D
Signature algorithm name: SHA256withRSA
Subject Public Key Algorithm: 2048-bit RSA key
Version: 3

Extensions: 

#1: ObjectId: 2.5.29.35 Criticality=false
AuthorityKeyIdentifier [
KeyIdentifier [
0000: 8C B7 8D EC 16 55 5B 6B   46 61 8F D3 BB 54 40 F5  .....U[kFa...T@.
0010: B7 1F 99 0D                                        ....
]
]

#2: ObjectId: 2.5.29.15 Criticality=false
KeyUsage [
  DigitalSignature
  Key_Encipherment
]

#3: ObjectId: 2.5.29.14 Criticality=false
SubjectKeyIdentifier [
KeyIdentifier [
0000: 8C B7 8D EC 16 55 5B 6B   46 61 8F D3 BB 54 40 F5  .....U[kFa...T@.
0010: B7 1F 99 0D                                        ....
]
]



*******************************************
*******************************************


