2022-03-19 21:24:19.416  INFO 10288 --- [restartedMain] r.u.r.RestlientsslApplication            : Starting RestlientsslApplication using Java 11.0.2 on LAPTOP-JJ4A5GU5 with PID 10288 (C:\AppSever\Projects\restlientssl\target\classes started by Alexander in C:\AppSever\Projects\restlientssl)
2022-03-19 21:24:19.424  INFO 10288 --- [restartedMain] r.u.r.RestlientsslApplication            : No active profile set, falling back to 1 default profile: "default"
2022-03-19 21:24:19.514  INFO 10288 --- [restartedMain] .e.DevToolsPropertyDefaultsPostProcessor : Devtools property defaults active! Set 'spring.devtools.add-properties' to 'false' to disable
2022-03-19 21:24:19.515  INFO 10288 --- [restartedMain] .e.DevToolsPropertyDefaultsPostProcessor : For additional web related logging consider setting the 'logging.level.web' property to 'DEBUG'
2022-03-19 21:24:20.659  INFO 10288 --- [restartedMain] o.s.b.w.embedded.tomcat.TomcatWebServer  : Tomcat initialized with port(s): 8080 (https)
2022-03-19 21:24:20.668  INFO 10288 --- [restartedMain] o.apache.catalina.core.StandardService   : Starting service [Tomcat]
2022-03-19 21:24:20.669  INFO 10288 --- [restartedMain] org.apache.catalina.core.StandardEngine  : Starting Servlet engine: [Apache Tomcat/9.0.58]
2022-03-19 21:24:20.719  INFO 10288 --- [restartedMain] o.a.c.c.C.[Tomcat].[localhost].[/]       : Initializing Spring embedded WebApplicationContext
2022-03-19 21:24:20.719  INFO 10288 --- [restartedMain] w.s.c.ServletWebServerApplicationContext : Root WebApplicationContext: initialization completed in 1203 ms
2022-03-19 21:24:21.186 DEBUG 10288 --- [restartedMain] s.w.s.m.m.a.RequestMappingHandlerAdapter : ControllerAdvice beans: 0 @ModelAttribute, 0 @InitBinder, 1 RequestBodyAdvice, 1 ResponseBodyAdvice
2022-03-19 21:24:21.268 DEBUG 10288 --- [restartedMain] s.w.s.m.m.a.RequestMappingHandlerMapping : 2 mappings in 'requestMappingHandlerMapping'
2022-03-19 21:24:21.301 DEBUG 10288 --- [restartedMain] o.s.w.s.handler.SimpleUrlHandlerMapping  : Patterns [/webjars/**, /**] in 'resourceHandlerMapping'
2022-03-19 21:24:21.310 DEBUG 10288 --- [restartedMain] .m.m.a.ExceptionHandlerExceptionResolver : ControllerAdvice beans: 0 @ExceptionHandler, 1 ResponseBodyAdvice
2022-03-19 21:24:21.367  WARN 10288 --- [restartedMain] o.s.b.d.a.OptionalLiveReloadServer       : Unable to start LiveReload server
2022-03-19 21:24:21.542  INFO 10288 --- [restartedMain] o.s.b.w.embedded.tomcat.TomcatWebServer  : Tomcat started on port(s): 8080 (https) with context path ''
2022-03-19 21:24:21.551  INFO 10288 --- [restartedMain] r.u.r.RestlientsslApplication            : Started RestlientsslApplication in 2.682 seconds (JVM running for 3.3)
2022-03-19 21:24:21.572 DEBUG 10288 --- [restartedMain] o.s.web.client.RestTemplate              : HTTP GET https://127.0.0.1:8443/hello
2022-03-19 21:24:21.575 DEBUG 10288 --- [restartedMain] o.s.web.client.RestTemplate              : Accept=[text/plain, application/json, application/*+json, */*]
2022-03-19 21:24:21.840 DEBUG 10288 --- [restartedMain] o.s.web.client.RestTemplate              : Response 200 OK
2022-03-19 21:24:21.841 DEBUG 10288 --- [restartedMain] o.s.web.client.RestTemplate              : Reading to [java.lang.String] as "text/plain;charset=UTF-8"
2022-03-19 21:53:02.994  INFO 13216 --- [restartedMain] r.u.r.RestlientsslApplication            : Starting RestlientsslApplication using Java 11.0.2 on LAPTOP-JJ4A5GU5 with PID 13216 (C:\AppSever\Projects\restlientssl\target\classes started by Alexander in C:\AppSever\Projects\restlientssl)
2022-03-19 21:53:02.996  INFO 13216 --- [restartedMain] r.u.r.RestlientsslApplication            : No active profile set, falling back to 1 default profile: "default"
2022-03-19 21:53:03.082  INFO 13216 --- [restartedMain] .e.DevToolsPropertyDefaultsPostProcessor : Devtools property defaults active! Set 'spring.devtools.add-properties' to 'false' to disable
2022-03-19 21:53:03.082  INFO 13216 --- [restartedMain] .e.DevToolsPropertyDefaultsPostProcessor : For additional web related logging consider setting the 'logging.level.web' property to 'DEBUG'
2022-03-19 21:53:04.037  INFO 13216 --- [restartedMain] o.s.b.w.embedded.tomcat.TomcatWebServer  : Tomcat initialized with port(s): 8080 (https)
2022-03-19 21:53:04.047  INFO 13216 --- [restartedMain] o.apache.catalina.core.StandardService   : Starting service [Tomcat]
2022-03-19 21:53:04.047  INFO 13216 --- [restartedMain] org.apache.catalina.core.StandardEngine  : Starting Servlet engine: [Apache Tomcat/9.0.58]
2022-03-19 21:53:04.098  INFO 13216 --- [restartedMain] o.a.c.c.C.[Tomcat].[localhost].[/]       : Initializing Spring embedded WebApplicationContext
2022-03-19 21:53:04.098  INFO 13216 --- [restartedMain] w.s.c.ServletWebServerApplicationContext : Root WebApplicationContext: initialization completed in 1015 ms
2022-03-19 21:53:04.453 DEBUG 13216 --- [restartedMain] s.w.s.m.m.a.RequestMappingHandlerAdapter : ControllerAdvice beans: 0 @ModelAttribute, 0 @InitBinder, 1 RequestBodyAdvice, 1 ResponseBodyAdvice
2022-03-19 21:53:04.512 DEBUG 13216 --- [restartedMain] s.w.s.m.m.a.RequestMappingHandlerMapping : 2 mappings in 'requestMappingHandlerMapping'
2022-03-19 21:53:04.532 DEBUG 13216 --- [restartedMain] o.s.w.s.handler.SimpleUrlHandlerMapping  : Patterns [/webjars/**, /**] in 'resourceHandlerMapping'
2022-03-19 21:53:04.539 DEBUG 13216 --- [restartedMain] .m.m.a.ExceptionHandlerExceptionResolver : ControllerAdvice beans: 0 @ExceptionHandler, 1 ResponseBodyAdvice
2022-03-19 21:53:04.581  WARN 13216 --- [restartedMain] o.s.b.d.a.OptionalLiveReloadServer       : Unable to start LiveReload server
2022-03-19 21:53:04.733  INFO 13216 --- [restartedMain] o.s.b.w.embedded.tomcat.TomcatWebServer  : Tomcat started on port(s): 8080 (https) with context path ''
2022-03-19 21:53:04.744  INFO 13216 --- [restartedMain] r.u.r.RestlientsslApplication            : Started RestlientsslApplication in 2.177 seconds (JVM running for 2.646)
2022-03-19 21:53:04.764 DEBUG 13216 --- [restartedMain] o.s.web.client.RestTemplate              : HTTP GET https://127.0.0.1:8443/hello
2022-03-19 21:53:04.766 DEBUG 13216 --- [restartedMain] o.s.web.client.RestTemplate              : Accept=[text/plain, application/json, application/*+json, */*]
2022-03-19 21:53:04.876 DEBUG 13216 --- [restartedMain] o.s.web.client.RestTemplate              : Response 200 OK
2022-03-19 21:53:04.886 DEBUG 13216 --- [restartedMain] o.s.web.client.RestTemplate              : Reading to [java.lang.String] as "text/plain;charset=UTF-8"
2022-03-19 21:53:19.110  INFO 10556 --- [restartedMain] r.u.r.RestlientsslApplication            : Starting RestlientsslApplication using Java 11.0.2 on LAPTOP-JJ4A5GU5 with PID 10556 (C:\AppSever\Projects\restlientssl\target\classes started by Alexander in C:\AppSever\Projects\restlientssl)
2022-03-19 21:53:19.114  INFO 10556 --- [restartedMain] r.u.r.RestlientsslApplication            : No active profile set, falling back to 1 default profile: "default"
2022-03-19 21:53:19.180  INFO 10556 --- [restartedMain] .e.DevToolsPropertyDefaultsPostProcessor : Devtools property defaults active! Set 'spring.devtools.add-properties' to 'false' to disable
2022-03-19 21:53:19.180  INFO 10556 --- [restartedMain] .e.DevToolsPropertyDefaultsPostProcessor : For additional web related logging consider setting the 'logging.level.web' property to 'DEBUG'
2022-03-19 21:53:20.044  WARN 10556 --- [restartedMain] ConfigServletWebServerApplicationContext : Exception encountered during context initialization - cancelling refresh attempt: org.springframework.context.ApplicationContextException: Unable to start web server; nested exception is org.springframework.boot.web.server.WebServerException: Could not load key store 'null'
2022-03-19 21:53:20.051  INFO 10556 --- [restartedMain] ConditionEvaluationReportLoggingListener : 

Error starting ApplicationContext. To display the conditions report re-run your application with 'debug' enabled.
2022-03-19 21:53:20.071 ERROR 10556 --- [restartedMain] o.s.boot.SpringApplication               : Application run failed

org.springframework.context.ApplicationContextException: Unable to start web server; nested exception is org.springframework.boot.web.server.WebServerException: Could not load key store 'null'
	at org.springframework.boot.web.servlet.context.ServletWebServerApplicationContext.onRefresh(ServletWebServerApplicationContext.java:163) ~[spring-boot-2.6.4.jar:2.6.4]
	at org.springframework.context.support.AbstractApplicationContext.refresh(AbstractApplicationContext.java:577) ~[spring-context-5.3.16.jar:5.3.16]
	at org.springframework.boot.web.servlet.context.ServletWebServerApplicationContext.refresh(ServletWebServerApplicationContext.java:145) ~[spring-boot-2.6.4.jar:2.6.4]
	at org.springframework.boot.SpringApplication.refresh(SpringApplication.java:740) ~[spring-boot-2.6.4.jar:2.6.4]
	at org.springframework.boot.SpringApplication.refreshContext(SpringApplication.java:415) ~[spring-boot-2.6.4.jar:2.6.4]
	at org.springframework.boot.SpringApplication.run(SpringApplication.java:303) ~[spring-boot-2.6.4.jar:2.6.4]
	at org.springframework.boot.SpringApplication.run(SpringApplication.java:1312) ~[spring-boot-2.6.4.jar:2.6.4]
	at org.springframework.boot.SpringApplication.run(SpringApplication.java:1301) ~[spring-boot-2.6.4.jar:2.6.4]
	at ru.usb.restlientssl.RestlientsslApplication.main(RestlientsslApplication.java:21) ~[classes/:na]
	at java.base/jdk.internal.reflect.NativeMethodAccessorImpl.invoke0(Native Method) ~[na:na]
	at java.base/jdk.internal.reflect.NativeMethodAccessorImpl.invoke(NativeMethodAccessorImpl.java:62) ~[na:na]
	at java.base/jdk.internal.reflect.DelegatingMethodAccessorImpl.invoke(DelegatingMethodAccessorImpl.java:43) ~[na:na]
	at java.base/java.lang.reflect.Method.invoke(Method.java:566) ~[na:na]
	at org.springframework.boot.devtools.restart.RestartLauncher.run(RestartLauncher.java:49) ~[spring-boot-devtools-2.6.4.jar:2.6.4]
Caused by: org.springframework.boot.web.server.WebServerException: Could not load key store 'null'
	at org.springframework.boot.web.embedded.tomcat.SslConnectorCustomizer.configureSslKeyStore(SslConnectorCustomizer.java:132) ~[spring-boot-2.6.4.jar:2.6.4]
	at org.springframework.boot.web.embedded.tomcat.SslConnectorCustomizer.configureSsl(SslConnectorCustomizer.java:92) ~[spring-boot-2.6.4.jar:2.6.4]
	at org.springframework.boot.web.embedded.tomcat.SslConnectorCustomizer.customize(SslConnectorCustomizer.java:57) ~[spring-boot-2.6.4.jar:2.6.4]
	at org.springframework.boot.web.embedded.tomcat.TomcatServletWebServerFactory.customizeSsl(TomcatServletWebServerFactory.java:363) ~[spring-boot-2.6.4.jar:2.6.4]
	at org.springframework.boot.web.embedded.tomcat.TomcatServletWebServerFactory.customizeConnector(TomcatServletWebServerFactory.java:341) ~[spring-boot-2.6.4.jar:2.6.4]
	at org.springframework.boot.web.embedded.tomcat.TomcatServletWebServerFactory.getWebServer(TomcatServletWebServerFactory.java:203) ~[spring-boot-2.6.4.jar:2.6.4]
	at org.springframework.boot.web.servlet.context.ServletWebServerApplicationContext.createWebServer(ServletWebServerApplicationContext.java:182) ~[spring-boot-2.6.4.jar:2.6.4]
	at org.springframework.boot.web.servlet.context.ServletWebServerApplicationContext.onRefresh(ServletWebServerApplicationContext.java:160) ~[spring-boot-2.6.4.jar:2.6.4]
	... 13 common frames omitted
Caused by: java.lang.IllegalArgumentException: Resource location must not be null
	at org.springframework.util.Assert.notNull(Assert.java:201) ~[spring-core-5.3.16.jar:5.3.16]
	at org.springframework.util.ResourceUtils.getURL(ResourceUtils.java:130) ~[spring-core-5.3.16.jar:5.3.16]
	at org.springframework.boot.web.embedded.tomcat.SslConnectorCustomizer.configureSslKeyStore(SslConnectorCustomizer.java:129) ~[spring-boot-2.6.4.jar:2.6.4]
	... 20 common frames omitted

2022-03-19 21:53:32.276  INFO 18052 --- [restartedMain] r.u.r.RestlientsslApplication            : Starting RestlientsslApplication using Java 11.0.2 on LAPTOP-JJ4A5GU5 with PID 18052 (C:\AppSever\Projects\restlientssl\target\classes started by Alexander in C:\AppSever\Projects\restlientssl)
2022-03-19 21:53:32.278  INFO 18052 --- [restartedMain] r.u.r.RestlientsslApplication            : No active profile set, falling back to 1 default profile: "default"
2022-03-19 21:53:32.347  INFO 18052 --- [restartedMain] .e.DevToolsPropertyDefaultsPostProcessor : Devtools property defaults active! Set 'spring.devtools.add-properties' to 'false' to disable
2022-03-19 21:53:32.347  INFO 18052 --- [restartedMain] .e.DevToolsPropertyDefaultsPostProcessor : For additional web related logging consider setting the 'logging.level.web' property to 'DEBUG'
2022-03-19 21:53:33.330  INFO 18052 --- [restartedMain] o.s.b.w.embedded.tomcat.TomcatWebServer  : Tomcat initialized with port(s): 8080 (https)
2022-03-19 21:53:33.342  INFO 18052 --- [restartedMain] o.apache.catalina.core.StandardService   : Starting service [Tomcat]
2022-03-19 21:53:33.343  INFO 18052 --- [restartedMain] org.apache.catalina.core.StandardEngine  : Starting Servlet engine: [Apache Tomcat/9.0.58]
2022-03-19 21:53:33.391  INFO 18052 --- [restartedMain] o.a.c.c.C.[Tomcat].[localhost].[/]       : Initializing Spring embedded WebApplicationContext
2022-03-19 21:53:33.391  INFO 18052 --- [restartedMain] w.s.c.ServletWebServerApplicationContext : Root WebApplicationContext: initialization completed in 1044 ms
2022-03-19 21:53:33.444  WARN 18052 --- [restartedMain] ConfigServletWebServerApplicationContext : Exception encountered during context initialization - cancelling refresh attempt: org.springframework.beans.factory.UnsatisfiedDependencyException: Error creating bean with name 'restlientsslApplication': Unsatisfied dependency expressed through field 'serviceTemplate'; nested exception is org.springframework.beans.factory.UnsatisfiedDependencyException: Error creating bean with name 'serviceTemplate': Unsatisfied dependency expressed through field 'sslConfiguration'; nested exception is org.springframework.beans.factory.BeanCreationException: Error creating bean with name 'sslConfiguration': Injection of autowired dependencies failed; nested exception is java.lang.IllegalArgumentException: Could not resolve placeholder 'server.ssl.trust-store' in value "${server.ssl.trust-store}"
2022-03-19 21:53:33.447  INFO 18052 --- [restartedMain] o.apache.catalina.core.StandardService   : Stopping service [Tomcat]
2022-03-19 21:53:33.460  INFO 18052 --- [restartedMain] ConditionEvaluationReportLoggingListener : 

Error starting ApplicationContext. To display the conditions report re-run your application with 'debug' enabled.
2022-03-19 21:53:33.483 ERROR 18052 --- [restartedMain] o.s.boot.SpringApplication               : Application run failed

org.springframework.beans.factory.UnsatisfiedDependencyException: Error creating bean with name 'restlientsslApplication': Unsatisfied dependency expressed through field 'serviceTemplate'; nested exception is org.springframework.beans.factory.UnsatisfiedDependencyException: Error creating bean with name 'serviceTemplate': Unsatisfied dependency expressed through field 'sslConfiguration'; nested exception is org.springframework.beans.factory.BeanCreationException: Error creating bean with name 'sslConfiguration': Injection of autowired dependencies failed; nested exception is java.lang.IllegalArgumentException: Could not resolve placeholder 'server.ssl.trust-store' in value "${server.ssl.trust-store}"
	at org.springframework.beans.factory.annotation.AutowiredAnnotationBeanPostProcessor$AutowiredFieldElement.resolveFieldValue(AutowiredAnnotationBeanPostProcessor.java:659) ~[spring-beans-5.3.16.jar:5.3.16]
	at org.springframework.beans.factory.annotation.AutowiredAnnotationBeanPostProcessor$AutowiredFieldElement.inject(AutowiredAnnotationBeanPostProcessor.java:639) ~[spring-beans-5.3.16.jar:5.3.16]
	at org.springframework.beans.factory.annotation.InjectionMetadata.inject(InjectionMetadata.java:119) ~[spring-beans-5.3.16.jar:5.3.16]
	at org.springframework.beans.factory.annotation.AutowiredAnnotationBeanPostProcessor.postProcessProperties(AutowiredAnnotationBeanPostProcessor.java:399) ~[spring-beans-5.3.16.jar:5.3.16]
	at org.springframework.beans.factory.support.AbstractAutowireCapableBeanFactory.populateBean(AbstractAutowireCapableBeanFactory.java:1431) ~[spring-beans-5.3.16.jar:5.3.16]
	at org.springframework.beans.factory.support.AbstractAutowireCapableBeanFactory.doCreateBean(AbstractAutowireCapableBeanFactory.java:619) ~[spring-beans-5.3.16.jar:5.3.16]
	at org.springframework.beans.factory.support.AbstractAutowireCapableBeanFactory.createBean(AbstractAutowireCapableBeanFactory.java:542) ~[spring-beans-5.3.16.jar:5.3.16]
	at org.springframework.beans.factory.support.AbstractBeanFactory.lambda$doGetBean$0(AbstractBeanFactory.java:335) ~[spring-beans-5.3.16.jar:5.3.16]
	at org.springframework.beans.factory.support.DefaultSingletonBeanRegistry.getSingleton(DefaultSingletonBeanRegistry.java:234) ~[spring-beans-5.3.16.jar:5.3.16]
	at org.springframework.beans.factory.support.AbstractBeanFactory.doGetBean(AbstractBeanFactory.java:333) ~[spring-beans-5.3.16.jar:5.3.16]
	at org.springframework.beans.factory.support.AbstractBeanFactory.getBean(AbstractBeanFactory.java:208) ~[spring-beans-5.3.16.jar:5.3.16]
	at org.springframework.beans.factory.support.DefaultListableBeanFactory.preInstantiateSingletons(DefaultListableBeanFactory.java:953) ~[spring-beans-5.3.16.jar:5.3.16]
	at org.springframework.context.support.AbstractApplicationContext.finishBeanFactoryInitialization(AbstractApplicationContext.java:918) ~[spring-context-5.3.16.jar:5.3.16]
	at org.springframework.context.support.AbstractApplicationContext.refresh(AbstractApplicationContext.java:583) ~[spring-context-5.3.16.jar:5.3.16]
	at org.springframework.boot.web.servlet.context.ServletWebServerApplicationContext.refresh(ServletWebServerApplicationContext.java:145) ~[spring-boot-2.6.4.jar:2.6.4]
	at org.springframework.boot.SpringApplication.refresh(SpringApplication.java:740) ~[spring-boot-2.6.4.jar:2.6.4]
	at org.springframework.boot.SpringApplication.refreshContext(SpringApplication.java:415) ~[spring-boot-2.6.4.jar:2.6.4]
	at org.springframework.boot.SpringApplication.run(SpringApplication.java:303) ~[spring-boot-2.6.4.jar:2.6.4]
	at org.springframework.boot.SpringApplication.run(SpringApplication.java:1312) ~[spring-boot-2.6.4.jar:2.6.4]
	at org.springframework.boot.SpringApplication.run(SpringApplication.java:1301) ~[spring-boot-2.6.4.jar:2.6.4]
	at ru.usb.restlientssl.RestlientsslApplication.main(RestlientsslApplication.java:21) ~[classes/:na]
	at java.base/jdk.internal.reflect.NativeMethodAccessorImpl.invoke0(Native Method) ~[na:na]
	at java.base/jdk.internal.reflect.NativeMethodAccessorImpl.invoke(NativeMethodAccessorImpl.java:62) ~[na:na]
	at java.base/jdk.internal.reflect.DelegatingMethodAccessorImpl.invoke(DelegatingMethodAccessorImpl.java:43) ~[na:na]
	at java.base/java.lang.reflect.Method.invoke(Method.java:566) ~[na:na]
	at org.springframework.boot.devtools.restart.RestartLauncher.run(RestartLauncher.java:49) ~[spring-boot-devtools-2.6.4.jar:2.6.4]
Caused by: org.springframework.beans.factory.UnsatisfiedDependencyException: Error creating bean with name 'serviceTemplate': Unsatisfied dependency expressed through field 'sslConfiguration'; nested exception is org.springframework.beans.factory.BeanCreationException: Error creating bean with name 'sslConfiguration': Injection of autowired dependencies failed; nested exception is java.lang.IllegalArgumentException: Could not resolve placeholder 'server.ssl.trust-store' in value "${server.ssl.trust-store}"
	at org.springframework.beans.factory.annotation.AutowiredAnnotationBeanPostProcessor$AutowiredFieldElement.resolveFieldValue(AutowiredAnnotationBeanPostProcessor.java:659) ~[spring-beans-5.3.16.jar:5.3.16]
	at org.springframework.beans.factory.annotation.AutowiredAnnotationBeanPostProcessor$AutowiredFieldElement.inject(AutowiredAnnotationBeanPostProcessor.java:639) ~[spring-beans-5.3.16.jar:5.3.16]
	at org.springframework.beans.factory.annotation.InjectionMetadata.inject(InjectionMetadata.java:119) ~[spring-beans-5.3.16.jar:5.3.16]
	at org.springframework.beans.factory.annotation.AutowiredAnnotationBeanPostProcessor.postProcessProperties(AutowiredAnnotationBeanPostProcessor.java:399) ~[spring-beans-5.3.16.jar:5.3.16]
	at org.springframework.beans.factory.support.AbstractAutowireCapableBeanFactory.populateBean(AbstractAutowireCapableBeanFactory.java:1431) ~[spring-beans-5.3.16.jar:5.3.16]
	at org.springframework.beans.factory.support.AbstractAutowireCapableBeanFactory.doCreateBean(AbstractAutowireCapableBeanFactory.java:619) ~[spring-beans-5.3.16.jar:5.3.16]
	at org.springframework.beans.factory.support.AbstractAutowireCapableBeanFactory.createBean(AbstractAutowireCapableBeanFactory.java:542) ~[spring-beans-5.3.16.jar:5.3.16]
	at org.springframework.beans.factory.support.AbstractBeanFactory.lambda$doGetBean$0(AbstractBeanFactory.java:335) ~[spring-beans-5.3.16.jar:5.3.16]
	at org.springframework.beans.factory.support.DefaultSingletonBeanRegistry.getSingleton(DefaultSingletonBeanRegistry.java:234) ~[spring-beans-5.3.16.jar:5.3.16]
	at org.springframework.beans.factory.support.AbstractBeanFactory.doGetBean(AbstractBeanFactory.java:333) ~[spring-beans-5.3.16.jar:5.3.16]
	at org.springframework.beans.factory.support.AbstractBeanFactory.getBean(AbstractBeanFactory.java:208) ~[spring-beans-5.3.16.jar:5.3.16]
	at org.springframework.beans.factory.config.DependencyDescriptor.resolveCandidate(DependencyDescriptor.java:276) ~[spring-beans-5.3.16.jar:5.3.16]
	at org.springframework.beans.factory.support.DefaultListableBeanFactory.doResolveDependency(DefaultListableBeanFactory.java:1389) ~[spring-beans-5.3.16.jar:5.3.16]
	at org.springframework.beans.factory.support.DefaultListableBeanFactory.resolveDependency(DefaultListableBeanFactory.java:1309) ~[spring-beans-5.3.16.jar:5.3.16]
	at org.springframework.beans.factory.annotation.AutowiredAnnotationBeanPostProcessor$AutowiredFieldElement.resolveFieldValue(AutowiredAnnotationBeanPostProcessor.java:656) ~[spring-beans-5.3.16.jar:5.3.16]
	... 25 common frames omitted
Caused by: org.springframework.beans.factory.BeanCreationException: Error creating bean with name 'sslConfiguration': Injection of autowired dependencies failed; nested exception is java.lang.IllegalArgumentException: Could not resolve placeholder 'server.ssl.trust-store' in value "${server.ssl.trust-store}"
	at org.springframework.beans.factory.annotation.AutowiredAnnotationBeanPostProcessor.postProcessProperties(AutowiredAnnotationBeanPostProcessor.java:405) ~[spring-beans-5.3.16.jar:5.3.16]
	at org.springframework.beans.factory.support.AbstractAutowireCapableBeanFactory.populateBean(AbstractAutowireCapableBeanFactory.java:1431) ~[spring-beans-5.3.16.jar:5.3.16]
	at org.springframework.beans.factory.support.AbstractAutowireCapableBeanFactory.doCreateBean(AbstractAutowireCapableBeanFactory.java:619) ~[spring-beans-5.3.16.jar:5.3.16]
	at org.springframework.beans.factory.support.AbstractAutowireCapableBeanFactory.createBean(AbstractAutowireCapableBeanFactory.java:542) ~[spring-beans-5.3.16.jar:5.3.16]
	at org.springframework.beans.factory.support.AbstractBeanFactory.lambda$doGetBean$0(AbstractBeanFactory.java:335) ~[spring-beans-5.3.16.jar:5.3.16]
	at org.springframework.beans.factory.support.DefaultSingletonBeanRegistry.getSingleton(DefaultSingletonBeanRegistry.java:234) ~[spring-beans-5.3.16.jar:5.3.16]
	at org.springframework.beans.factory.support.AbstractBeanFactory.doGetBean(AbstractBeanFactory.java:333) ~[spring-beans-5.3.16.jar:5.3.16]
	at org.springframework.beans.factory.support.AbstractBeanFactory.getBean(AbstractBeanFactory.java:208) ~[spring-beans-5.3.16.jar:5.3.16]
	at org.springframework.beans.factory.config.DependencyDescriptor.resolveCandidate(DependencyDescriptor.java:276) ~[spring-beans-5.3.16.jar:5.3.16]
	at org.springframework.beans.factory.support.DefaultListableBeanFactory.doResolveDependency(DefaultListableBeanFactory.java:1389) ~[spring-beans-5.3.16.jar:5.3.16]
	at org.springframework.beans.factory.support.DefaultListableBeanFactory.resolveDependency(DefaultListableBeanFactory.java:1309) ~[spring-beans-5.3.16.jar:5.3.16]
	at org.springframework.beans.factory.annotation.AutowiredAnnotationBeanPostProcessor$AutowiredFieldElement.resolveFieldValue(AutowiredAnnotationBeanPostProcessor.java:656) ~[spring-beans-5.3.16.jar:5.3.16]
	... 39 common frames omitted
Caused by: java.lang.IllegalArgumentException: Could not resolve placeholder 'server.ssl.trust-store' in value "${server.ssl.trust-store}"
	at org.springframework.util.PropertyPlaceholderHelper.parseStringValue(PropertyPlaceholderHelper.java:180) ~[spring-core-5.3.16.jar:5.3.16]
	at org.springframework.util.PropertyPlaceholderHelper.replacePlaceholders(PropertyPlaceholderHelper.java:126) ~[spring-core-5.3.16.jar:5.3.16]
	at org.springframework.core.env.AbstractPropertyResolver.doResolvePlaceholders(AbstractPropertyResolver.java:239) ~[spring-core-5.3.16.jar:5.3.16]
	at org.springframework.core.env.AbstractPropertyResolver.resolveRequiredPlaceholders(AbstractPropertyResolver.java:210) ~[spring-core-5.3.16.jar:5.3.16]
	at org.springframework.context.support.PropertySourcesPlaceholderConfigurer.lambda$processProperties$0(PropertySourcesPlaceholderConfigurer.java:191) ~[spring-context-5.3.16.jar:5.3.16]
	at org.springframework.beans.factory.support.AbstractBeanFactory.resolveEmbeddedValue(AbstractBeanFactory.java:936) ~[spring-beans-5.3.16.jar:5.3.16]
	at org.springframework.beans.factory.support.DefaultListableBeanFactory.doResolveDependency(DefaultListableBeanFactory.java:1330) ~[spring-beans-5.3.16.jar:5.3.16]
	at org.springframework.beans.factory.support.DefaultListableBeanFactory.resolveDependency(DefaultListableBeanFactory.java:1309) ~[spring-beans-5.3.16.jar:5.3.16]
	at org.springframework.beans.factory.annotation.AutowiredAnnotationBeanPostProcessor$AutowiredFieldElement.resolveFieldValue(AutowiredAnnotationBeanPostProcessor.java:656) ~[spring-beans-5.3.16.jar:5.3.16]
	at org.springframework.beans.factory.annotation.AutowiredAnnotationBeanPostProcessor$AutowiredFieldElement.inject(AutowiredAnnotationBeanPostProcessor.java:639) ~[spring-beans-5.3.16.jar:5.3.16]
	at org.springframework.beans.factory.annotation.InjectionMetadata.inject(InjectionMetadata.java:119) ~[spring-beans-5.3.16.jar:5.3.16]
	at org.springframework.beans.factory.annotation.AutowiredAnnotationBeanPostProcessor.postProcessProperties(AutowiredAnnotationBeanPostProcessor.java:399) ~[spring-beans-5.3.16.jar:5.3.16]
	... 50 common frames omitted

2022-03-19 21:53:42.462  INFO 15552 --- [restartedMain] r.u.r.RestlientsslApplication            : Starting RestlientsslApplication using Java 11.0.2 on LAPTOP-JJ4A5GU5 with PID 15552 (C:\AppSever\Projects\restlientssl\target\classes started by Alexander in C:\AppSever\Projects\restlientssl)
2022-03-19 21:53:42.464  INFO 15552 --- [restartedMain] r.u.r.RestlientsslApplication            : No active profile set, falling back to 1 default profile: "default"
2022-03-19 21:53:42.528  INFO 15552 --- [restartedMain] .e.DevToolsPropertyDefaultsPostProcessor : Devtools property defaults active! Set 'spring.devtools.add-properties' to 'false' to disable
2022-03-19 21:53:42.528  INFO 15552 --- [restartedMain] .e.DevToolsPropertyDefaultsPostProcessor : For additional web related logging consider setting the 'logging.level.web' property to 'DEBUG'
2022-03-19 21:53:43.447  INFO 15552 --- [restartedMain] o.s.b.w.embedded.tomcat.TomcatWebServer  : Tomcat initialized with port(s): 8080 (https)
2022-03-19 21:53:43.456  INFO 15552 --- [restartedMain] o.apache.catalina.core.StandardService   : Starting service [Tomcat]
2022-03-19 21:53:43.456  INFO 15552 --- [restartedMain] org.apache.catalina.core.StandardEngine  : Starting Servlet engine: [Apache Tomcat/9.0.58]
2022-03-19 21:53:43.505  INFO 15552 --- [restartedMain] o.a.c.c.C.[Tomcat].[localhost].[/]       : Initializing Spring embedded WebApplicationContext
2022-03-19 21:53:43.505  INFO 15552 --- [restartedMain] w.s.c.ServletWebServerApplicationContext : Root WebApplicationContext: initialization completed in 976 ms
2022-03-19 21:53:43.856 DEBUG 15552 --- [restartedMain] s.w.s.m.m.a.RequestMappingHandlerAdapter : ControllerAdvice beans: 0 @ModelAttribute, 0 @InitBinder, 1 RequestBodyAdvice, 1 ResponseBodyAdvice
2022-03-19 21:53:43.910 DEBUG 15552 --- [restartedMain] s.w.s.m.m.a.RequestMappingHandlerMapping : 2 mappings in 'requestMappingHandlerMapping'
2022-03-19 21:53:43.930 DEBUG 15552 --- [restartedMain] o.s.w.s.handler.SimpleUrlHandlerMapping  : Patterns [/webjars/**, /**] in 'resourceHandlerMapping'
2022-03-19 21:53:43.936 DEBUG 15552 --- [restartedMain] .m.m.a.ExceptionHandlerExceptionResolver : ControllerAdvice beans: 0 @ExceptionHandler, 1 ResponseBodyAdvice
2022-03-19 21:53:43.970  WARN 15552 --- [restartedMain] o.s.b.d.a.OptionalLiveReloadServer       : Unable to start LiveReload server
2022-03-19 21:53:44.120  INFO 15552 --- [restartedMain] o.s.b.w.embedded.tomcat.TomcatWebServer  : Tomcat started on port(s): 8080 (https) with context path ''
2022-03-19 21:53:44.130  INFO 15552 --- [restartedMain] r.u.r.RestlientsslApplication            : Started RestlientsslApplication in 2.066 seconds (JVM running for 2.525)
2022-03-19 21:53:44.152 DEBUG 15552 --- [restartedMain] o.s.web.client.RestTemplate              : HTTP GET https://127.0.0.1:8443/hello
2022-03-19 21:53:44.154 DEBUG 15552 --- [restartedMain] o.s.web.client.RestTemplate              : Accept=[text/plain, application/json, application/*+json, */*]
2022-03-19 21:53:44.257 DEBUG 15552 --- [restartedMain] o.s.web.client.RestTemplate              : Response 200 OK
2022-03-19 21:53:44.258 DEBUG 15552 --- [restartedMain] o.s.web.client.RestTemplate              : Reading to [java.lang.String] as "text/plain;charset=UTF-8"
2022-03-19 22:53:41.243  INFO 16172 --- [restartedMain] r.u.r.RestlientsslApplication            : Starting RestlientsslApplication using Java 11.0.2 on LAPTOP-JJ4A5GU5 with PID 16172 (C:\AppSever\Projects\restlientssl\target\classes started by Alexander in C:\AppSever\Projects\restlientssl)
2022-03-19 22:53:41.245  INFO 16172 --- [restartedMain] r.u.r.RestlientsslApplication            : No active profile set, falling back to 1 default profile: "default"
2022-03-19 22:53:41.307  INFO 16172 --- [restartedMain] .e.DevToolsPropertyDefaultsPostProcessor : Devtools property defaults active! Set 'spring.devtools.add-properties' to 'false' to disable
2022-03-19 22:53:41.307  INFO 16172 --- [restartedMain] .e.DevToolsPropertyDefaultsPostProcessor : For additional web related logging consider setting the 'logging.level.web' property to 'DEBUG'
2022-03-19 22:53:42.228  INFO 16172 --- [restartedMain] o.s.b.w.embedded.tomcat.TomcatWebServer  : Tomcat initialized with port(s): 8080 (https)
2022-03-19 22:53:42.237  INFO 16172 --- [restartedMain] o.apache.catalina.core.StandardService   : Starting service [Tomcat]
2022-03-19 22:53:42.237  INFO 16172 --- [restartedMain] org.apache.catalina.core.StandardEngine  : Starting Servlet engine: [Apache Tomcat/9.0.58]
2022-03-19 22:53:42.282  INFO 16172 --- [restartedMain] o.a.c.c.C.[Tomcat].[localhost].[/]       : Initializing Spring embedded WebApplicationContext
2022-03-19 22:53:42.283  INFO 16172 --- [restartedMain] w.s.c.ServletWebServerApplicationContext : Root WebApplicationContext: initialization completed in 975 ms
2022-03-19 22:53:42.665 DEBUG 16172 --- [restartedMain] s.w.s.m.m.a.RequestMappingHandlerAdapter : ControllerAdvice beans: 0 @ModelAttribute, 0 @InitBinder, 1 RequestBodyAdvice, 1 ResponseBodyAdvice
2022-03-19 22:53:42.728 DEBUG 16172 --- [restartedMain] s.w.s.m.m.a.RequestMappingHandlerMapping : 2 mappings in 'requestMappingHandlerMapping'
2022-03-19 22:53:42.748 DEBUG 16172 --- [restartedMain] o.s.w.s.handler.SimpleUrlHandlerMapping  : Patterns [/webjars/**, /**] in 'resourceHandlerMapping'
2022-03-19 22:53:42.754 DEBUG 16172 --- [restartedMain] .m.m.a.ExceptionHandlerExceptionResolver : ControllerAdvice beans: 0 @ExceptionHandler, 1 ResponseBodyAdvice
2022-03-19 22:53:42.795  WARN 16172 --- [restartedMain] o.s.b.d.a.OptionalLiveReloadServer       : Unable to start LiveReload server
2022-03-19 22:53:42.955  INFO 16172 --- [restartedMain] o.s.b.w.embedded.tomcat.TomcatWebServer  : Tomcat started on port(s): 8080 (https) with context path ''
2022-03-19 22:53:42.965  INFO 16172 --- [restartedMain] r.u.r.RestlientsslApplication            : Started RestlientsslApplication in 2.138 seconds (JVM running for 2.592)
2022-03-19 22:53:42.981 DEBUG 16172 --- [restartedMain] o.s.web.client.RestTemplate              : HTTP GET https://127.0.0.1:8443/hello
2022-03-19 22:53:42.983 DEBUG 16172 --- [restartedMain] o.s.web.client.RestTemplate              : Accept=[text/plain, application/json, application/*+json, */*]
2022-03-19 22:53:43.068 DEBUG 16172 --- [restartedMain] o.s.web.client.RestTemplate              : Response 200 OK
2022-03-19 22:53:43.069 DEBUG 16172 --- [restartedMain] o.s.web.client.RestTemplate              : Reading to [java.lang.String] as "text/plain;charset=UTF-8"
2022-03-19 23:09:06.877  INFO 5356 --- [restartedMain] r.u.r.RestlientsslApplication            : Starting RestlientsslApplication using Java 11.0.2 on LAPTOP-JJ4A5GU5 with PID 5356 (C:\AppSever\Projects\restlientssl\target\classes started by Alexander in C:\AppSever\Projects\restlientssl)
2022-03-19 23:09:06.879  INFO 5356 --- [restartedMain] r.u.r.RestlientsslApplication            : No active profile set, falling back to 1 default profile: "default"
2022-03-19 23:09:06.938  INFO 5356 --- [restartedMain] .e.DevToolsPropertyDefaultsPostProcessor : Devtools property defaults active! Set 'spring.devtools.add-properties' to 'false' to disable
2022-03-19 23:09:06.938  INFO 5356 --- [restartedMain] .e.DevToolsPropertyDefaultsPostProcessor : For additional web related logging consider setting the 'logging.level.web' property to 'DEBUG'
2022-03-19 23:09:07.840  INFO 5356 --- [restartedMain] o.s.b.w.embedded.tomcat.TomcatWebServer  : Tomcat initialized with port(s): 8080 (https)
2022-03-19 23:09:07.850  INFO 5356 --- [restartedMain] o.apache.catalina.core.StandardService   : Starting service [Tomcat]
2022-03-19 23:09:07.850  INFO 5356 --- [restartedMain] org.apache.catalina.core.StandardEngine  : Starting Servlet engine: [Apache Tomcat/9.0.58]
2022-03-19 23:09:07.902  INFO 5356 --- [restartedMain] o.a.c.c.C.[Tomcat].[localhost].[/]       : Initializing Spring embedded WebApplicationContext
2022-03-19 23:09:07.902  INFO 5356 --- [restartedMain] w.s.c.ServletWebServerApplicationContext : Root WebApplicationContext: initialization completed in 964 ms
2022-03-19 23:09:08.270 DEBUG 5356 --- [restartedMain] s.w.s.m.m.a.RequestMappingHandlerAdapter : ControllerAdvice beans: 0 @ModelAttribute, 0 @InitBinder, 1 RequestBodyAdvice, 1 ResponseBodyAdvice
2022-03-19 23:09:08.324 DEBUG 5356 --- [restartedMain] s.w.s.m.m.a.RequestMappingHandlerMapping : 2 mappings in 'requestMappingHandlerMapping'
2022-03-19 23:09:08.347 DEBUG 5356 --- [restartedMain] o.s.w.s.handler.SimpleUrlHandlerMapping  : Patterns [/webjars/**, /**] in 'resourceHandlerMapping'
2022-03-19 23:09:08.355 DEBUG 5356 --- [restartedMain] .m.m.a.ExceptionHandlerExceptionResolver : ControllerAdvice beans: 0 @ExceptionHandler, 1 ResponseBodyAdvice
2022-03-19 23:09:08.392  WARN 5356 --- [restartedMain] o.s.b.d.a.OptionalLiveReloadServer       : Unable to start LiveReload server
2022-03-19 23:09:08.543  INFO 5356 --- [restartedMain] o.s.b.w.embedded.tomcat.TomcatWebServer  : Tomcat started on port(s): 8080 (https) with context path ''
2022-03-19 23:09:08.554  INFO 5356 --- [restartedMain] r.u.r.RestlientsslApplication            : Started RestlientsslApplication in 2.097 seconds (JVM running for 2.541)
2022-03-19 23:09:08.572 DEBUG 5356 --- [restartedMain] o.s.web.client.RestTemplate              : HTTP GET https://127.0.0.1:8443/hello
2022-03-19 23:09:08.575 DEBUG 5356 --- [restartedMain] o.s.web.client.RestTemplate              : Accept=[text/plain, application/json, application/*+json, */*]
2022-03-19 23:09:08.667 DEBUG 5356 --- [restartedMain] o.s.web.client.RestTemplate              : Response 200 OK
2022-03-19 23:09:08.668 DEBUG 5356 --- [restartedMain] o.s.web.client.RestTemplate              : Reading to [java.lang.String] as "text/plain;charset=UTF-8"
